c:\users\minna\documents\computer graphics\coursework\version1\opengltemplate\debug\vc142.pdb
c:\users\minna\documents\computer graphics\coursework\version1\opengltemplate\debug\vertexbufferobjectindexed.obj
c:\users\minna\documents\computer graphics\coursework\version1\opengltemplate\debug\vertexbufferobject.obj
c:\users\minna\documents\computer graphics\coursework\version1\opengltemplate\debug\texture.obj
c:\users\minna\documents\computer graphics\coursework\version1\opengltemplate\debug\tetrahedron.obj
c:\users\minna\documents\computer graphics\coursework\version1\opengltemplate\debug\sphere.obj
c:\users\minna\documents\computer graphics\coursework\version1\opengltemplate\debug\skybox.obj
c:\users\minna\documents\computer graphics\coursework\version1\opengltemplate\debug\shaders.obj
c:\users\minna\documents\computer graphics\coursework\version1\opengltemplate\debug\plane.obj
c:\users\minna\documents\computer graphics\coursework\version1\opengltemplate\debug\openassetimportmesh.obj
c:\users\minna\documents\computer graphics\coursework\version1\opengltemplate\debug\matrixstack.obj
c:\users\minna\documents\computer graphics\coursework\version1\opengltemplate\debug\highresolutiontimer.obj
c:\users\minna\documents\computer graphics\coursework\version1\opengltemplate\debug\heightmapterrain.obj
c:\users\minna\documents\computer graphics\coursework\version1\opengltemplate\debug\gamewindow.obj
c:\users\minna\documents\computer graphics\coursework\version1\opengltemplate\debug\game.obj
c:\users\minna\documents\computer graphics\coursework\version1\opengltemplate\debug\freetypefont.obj
c:\users\minna\documents\computer graphics\coursework\version1\opengltemplate\debug\facevertexmesh.obj
c:\users\minna\documents\computer graphics\coursework\version1\opengltemplate\debug\cube.obj
c:\users\minna\documents\computer graphics\coursework\version1\opengltemplate\debug\catmullrom.obj
c:\users\minna\documents\computer graphics\coursework\version1\opengltemplate\debug\camera.obj
c:\users\minna\documents\computer graphics\version1.1\opengltemplate\debug\vc142.pdb
c:\users\minna\documents\computer graphics\version1.1\opengltemplate\debug\vertexbufferobjectindexed.obj
c:\users\minna\documents\computer graphics\version1.1\opengltemplate\debug\vertexbufferobject.obj
c:\users\minna\documents\computer graphics\version1.1\opengltemplate\debug\texture.obj
c:\users\minna\documents\computer graphics\version1.1\opengltemplate\debug\tetrahedron.obj
c:\users\minna\documents\computer graphics\version1.1\opengltemplate\debug\sphere.obj
c:\users\minna\documents\computer graphics\version1.1\opengltemplate\debug\skybox.obj
c:\users\minna\documents\computer graphics\version1.1\opengltemplate\debug\shaders.obj
c:\users\minna\documents\computer graphics\version1.1\opengltemplate\debug\plane.obj
c:\users\minna\documents\computer graphics\version1.1\opengltemplate\debug\openassetimportmesh.obj
c:\users\minna\documents\computer graphics\version1.1\opengltemplate\debug\matrixstack.obj
c:\users\minna\documents\computer graphics\version1.1\opengltemplate\debug\highresolutiontimer.obj
c:\users\minna\documents\computer graphics\version1.1\opengltemplate\debug\heightmapterrain.obj
c:\users\minna\documents\computer graphics\version1.1\opengltemplate\debug\gamewindow.obj
c:\users\minna\documents\computer graphics\version1.1\opengltemplate\debug\game.obj
c:\users\minna\documents\computer graphics\version1.1\opengltemplate\debug\freetypefont.obj
c:\users\minna\documents\computer graphics\version1.1\opengltemplate\debug\facevertexmesh.obj
c:\users\minna\documents\computer graphics\version1.1\opengltemplate\debug\cube.obj
c:\users\minna\documents\computer graphics\version1.1\opengltemplate\debug\catmullrom.obj
c:\users\minna\documents\computer graphics\version1.1\opengltemplate\debug\camera.obj
c:\users\minna\documents\computer graphics\graphics_spacerun\source\opengltemplate\debug\vc142.pdb
c:\users\minna\documents\computer graphics\graphics_spacerun\source\opengltemplate\debug\vertexbufferobjectindexed.obj
c:\users\minna\documents\computer graphics\graphics_spacerun\source\opengltemplate\debug\vertexbufferobject.obj
c:\users\minna\documents\computer graphics\graphics_spacerun\source\opengltemplate\debug\texture.obj
c:\users\minna\documents\computer graphics\graphics_spacerun\source\opengltemplate\debug\tetrahedron.obj
c:\users\minna\documents\computer graphics\graphics_spacerun\source\opengltemplate\debug\sphere.obj
c:\users\minna\documents\computer graphics\graphics_spacerun\source\opengltemplate\debug\skybox.obj
c:\users\minna\documents\computer graphics\graphics_spacerun\source\opengltemplate\debug\shaders.obj
c:\users\minna\documents\computer graphics\graphics_spacerun\source\opengltemplate\debug\plane.obj
c:\users\minna\documents\computer graphics\graphics_spacerun\source\opengltemplate\debug\openassetimportmesh.obj
c:\users\minna\documents\computer graphics\graphics_spacerun\source\opengltemplate\debug\matrixstack.obj
c:\users\minna\documents\computer graphics\graphics_spacerun\source\opengltemplate\debug\highresolutiontimer.obj
c:\users\minna\documents\computer graphics\graphics_spacerun\source\opengltemplate\debug\heightmapterrain.obj
c:\users\minna\documents\computer graphics\graphics_spacerun\source\opengltemplate\debug\gamewindow.obj
c:\users\minna\documents\computer graphics\graphics_spacerun\source\opengltemplate\debug\game.obj
c:\users\minna\documents\computer graphics\graphics_spacerun\source\opengltemplate\debug\freetypefont.obj
c:\users\minna\documents\computer graphics\graphics_spacerun\source\opengltemplate\debug\facevertexmesh.obj
c:\users\minna\documents\computer graphics\graphics_spacerun\source\opengltemplate\debug\cube.obj
c:\users\minna\documents\computer graphics\graphics_spacerun\source\opengltemplate\debug\catmullrom.obj
c:\users\minna\documents\computer graphics\graphics_spacerun\source\opengltemplate\debug\camera.obj
c:\users\minna\documents\computer graphics\coursework\version1\debug\opengltemplate.exe
c:\users\minna\documents\computer graphics\coursework\version1\debug\opengltemplate.pdb
c:\users\minna\documents\computer graphics\version1.1\debug\opengltemplate.exe
c:\users\minna\documents\computer graphics\version1.1\debug\opengltemplate.pdb
c:\users\minna\documents\computer graphics\graphics_spacerun\source\debug\opengltemplate.exe
c:\users\minna\documents\computer graphics\graphics_spacerun\source\debug\opengltemplate.pdb
c:\users\minna\documents\computer graphics\graphics_spacerun\source\opengltemplate\debug\opengltemplate.tlog\cl.command.1.tlog
c:\users\minna\documents\computer graphics\graphics_spacerun\source\opengltemplate\debug\opengltemplate.tlog\cl.read.1.tlog
c:\users\minna\documents\computer graphics\graphics_spacerun\source\opengltemplate\debug\opengltemplate.tlog\cl.write.1.tlog
c:\users\minna\documents\computer graphics\graphics_spacerun\source\opengltemplate\debug\opengltemplate.tlog\link.command.1.tlog
c:\users\minna\documents\computer graphics\graphics_spacerun\source\opengltemplate\debug\opengltemplate.tlog\link.read.1.tlog
c:\users\minna\documents\computer graphics\graphics_spacerun\source\opengltemplate\debug\opengltemplate.tlog\link.write.1.tlog
